#
# There is insufficient memory for the Java Runtime Environment to continue.
# Native memory allocation (mmap) failed to map 25165824 bytes. Error detail: G1 virtual space
# Possible reasons:
#   The system is out of physical RAM or swap space
#   This process is running with CompressedOops enabled, and the Java Heap may be blocking the growth of the native heap
# Possible solutions:
#   Reduce memory load on the system
#   Increase physical memory or swap space
#   Check if swap backing store is full
#   Decrease Java heap size (-Xmx/-Xms)
#   Decrease number of Java threads
#   Decrease Java thread stack sizes (-Xss)
#   Set larger code cache with -XX:ReservedCodeCacheSize=
#   JVM is running with Zero Based Compressed Oops mode in which the Java heap is
#     placed in the first 32GB address space. The Java Heap base address is the
#     maximum limit for the native heap growth. Please use -XX:HeapBaseMinAddress
#     to set the Java Heap base and to place the Java Heap above 32GB virtual address.
# This output file may be truncated or incomplete.
#
#  Out of Memory Error (os_windows.cpp:3707), pid=22168, tid=1856
#
# JRE version: Java(TM) SE Runtime Environment (23.0.2+7) (build 23.0.2+7-58)
# Java VM: Java HotSpot(TM) 64-Bit Server VM (23.0.2+7-58, mixed mode, emulated-client, sharing, tiered, compressed oops, compressed class ptrs, g1 gc, windows-amd64)
# No core dump will be written. Minidumps are not enabled by default on client versions of Windows
#

---------------  S U M M A R Y ------------

Command Line: -XX:TieredStopAtLevel=1 com.app.usochicamochabackend.UsochicamochaBackendApplication

Host: AMD Ryzen 5 7520U with Radeon Graphics         , 8 cores, 15G,  Windows 11 , 64 bit Build 26100 (10.0.26100.7920)
Time: Tue Mar 17 12:45:10 2026 Hora est. Pac璗ico, Sudam廨ica elapsed time: 20.092784 seconds (0d 0h 0m 20s)

---------------  T H R E A D  ---------------

Current thread (0x0000020dccac2fd0):  VMThread "VM Thread"          [id=1856, stack(0x00000034c4000000,0x00000034c4100000) (1024K)]

Stack: [0x00000034c4000000,0x00000034c4100000]
Native frames: (J=compiled Java code, j=interpreted, Vv=VM code, C=native code)
V  [jvm.dll+0x6e0b99]  (no source info available)
V  [jvm.dll+0x87e2b3]  (no source info available)
V  [jvm.dll+0x88073e]  (no source info available)
V  [jvm.dll+0x880e13]  (no source info available)
V  [jvm.dll+0x27b006]  (no source info available)
V  [jvm.dll+0x6dd485]  (no source info available)
V  [jvm.dll+0x6d127a]  (no source info available)
V  [jvm.dll+0x35b50a]  (no source info available)
V  [jvm.dll+0x363916]  (no source info available)
V  [jvm.dll+0x34fe7e]  (no source info available)
V  [jvm.dll+0x350118]  (no source info available)
V  [jvm.dll+0x328aec]  (no source info available)
V  [jvm.dll+0x328b7a]  (no source info available)
V  [jvm.dll+0x374db2]  (no source info available)
V  [jvm.dll+0x3734b2]  (no source info available)
V  [jvm.dll+0x3282c7]  (no source info available)
V  [jvm.dll+0x372c64]  (no source info available)
V  [jvm.dll+0x886d50]  (no source info available)
V  [jvm.dll+0x888077]  (no source info available)
V  [jvm.dll+0x8885a8]  (no source info available)
V  [jvm.dll+0x888843]  (no source info available)
V  [jvm.dll+0x8254cb]  (no source info available)
V  [jvm.dll+0x6df345]  (no source info available)
C  [ucrtbase.dll+0x37b0]  (no source info available)
C  [KERNEL32.DLL+0x2e8d7]  (no source info available)
C  [ntdll.dll+0x8c48c]  (no source info available)

VM_Operation (0x00000034c39f8500): G1CollectForAllocation, mode: safepoint, requested by thread 0x0000020dba2116e0


---------------  P R O C E S S  ---------------

Threads class SMR info:
_java_thread_list=0x0000020e14ed4ef0, length=18, elements={
0x0000020dba2116e0, 0x0000020dccae19e0, 0x0000020dccae2fb0, 0x0000020dccae5ab0,
0x0000020dccae77a0, 0x0000020dccae9510, 0x0000020dccaec0b0, 0x0000020dcd174a80,
0x0000020dcd20bc70, 0x0000020dcd2ad9a0, 0x0000020dcd2ba840, 0x0000020dcd9a0f30,
0x0000020dcd9a2ba0, 0x0000020e140a59a0, 0x0000020e1417aeb0, 0x0000020e140c6430,
0x0000020dcd1c0390, 0x0000020dcd1bdc30
}

Java Threads: ( => current thread )
  0x0000020dba2116e0 JavaThread "main"                              [_thread_blocked, id=28664, stack(0x00000034c3900000,0x00000034c3a00000) (1024K)]
  0x0000020dccae19e0 JavaThread "Reference Handler"          daemon [_thread_blocked, id=1928, stack(0x00000034c4100000,0x00000034c4200000) (1024K)]
  0x0000020dccae2fb0 JavaThread "Finalizer"                  daemon [_thread_blocked, id=31944, stack(0x00000034c4200000,0x00000034c4300000) (1024K)]
  0x0000020dccae5ab0 JavaThread "Signal Dispatcher"          daemon [_thread_blocked, id=40880, stack(0x00000034c4300000,0x00000034c4400000) (1024K)]
  0x0000020dccae77a0 JavaThread "Attach Listener"            daemon [_thread_blocked, id=5436, stack(0x00000034c4400000,0x00000034c4500000) (1024K)]
  0x0000020dccae9510 JavaThread "Service Thread"             daemon [_thread_blocked, id=29044, stack(0x00000034c4500000,0x00000034c4600000) (1024K)]
  0x0000020dccaec0b0 JavaThread "Monitor Deflation Thread"   daemon [_thread_blocked, id=23680, stack(0x00000034c4600000,0x00000034c4700000) (1024K)]
  0x0000020dcd174a80 JavaThread "C1 CompilerThread0"         daemon [_thread_blocked, id=18844, stack(0x00000034c4700000,0x00000034c4800000) (1024K)]
  0x0000020dcd20bc70 JavaThread "C1 CompilerThread1"         daemon [_thread_blocked, id=13592, stack(0x00000034c4800000,0x00000034c4900000) (1024K)]
  0x0000020dcd2ad9a0 JavaThread "Notification Thread"        daemon [_thread_blocked, id=28948, stack(0x00000034c4900000,0x00000034c4a00000) (1024K)]
  0x0000020dcd2ba840 JavaThread "Common-Cleaner"             daemon [_thread_blocked, id=5720, stack(0x00000034c4a00000,0x00000034c4b00000) (1024K)]
  0x0000020dcd9a0f30 JavaThread "C1 CompilerThread2"         daemon [_thread_blocked, id=6524, stack(0x00000034c4b00000,0x00000034c4c00000) (1024K)]
  0x0000020dcd9a2ba0 JavaThread "C1 CompilerThread3"         daemon [_thread_blocked, id=15664, stack(0x00000034c4c00000,0x00000034c4d00000) (1024K)]
  0x0000020e140a59a0 JavaThread "Catalina-utility-1"                [_thread_blocked, id=31528, stack(0x00000034c5500000,0x00000034c5600000) (1024K)]
  0x0000020e1417aeb0 JavaThread "Catalina-utility-2"                [_thread_blocked, id=42844, stack(0x00000034c5600000,0x00000034c5700000) (1024K)]
  0x0000020e140c6430 JavaThread "container-0"                       [_thread_blocked, id=22080, stack(0x00000034c5700000,0x00000034c5800000) (1024K)]
  0x0000020dcd1c0390 JavaThread "PostgreSQL-JDBC-Cleaner"    daemon [_thread_blocked, id=25340, stack(0x00000034c5900000,0x00000034c5a00000) (1024K)]
  0x0000020dcd1bdc30 JavaThread "HikariPool-1:housekeeper"   daemon [_thread_blocked, id=35408, stack(0x00000034c5a00000,0x00000034c5b00000) (1024K)]
Total: 18

Other Threads:
=>0x0000020dccac2fd0 VMThread "VM Thread"                           [id=1856, stack(0x00000034c4000000,0x00000034c4100000) (1024K)]
  0x0000020dccaaeff0 WatcherThread "VM Periodic Task Thread"        [id=34828, stack(0x00000034c3f00000,0x00000034c4000000) (1024K)]
  0x0000020dba27c480 WorkerThread "GC Thread#0"                     [id=16496, stack(0x00000034c3a00000,0x00000034c3b00000) (1024K)]
  0x0000020dcdd96890 WorkerThread "GC Thread#1"                     [id=13640, stack(0x00000034c4d00000,0x00000034c4e00000) (1024K)]
  0x0000020dcdd96c40 WorkerThread "GC Thread#2"                     [id=16796, stack(0x00000034c4e00000,0x00000034c4f00000) (1024K)]
  0x0000020dcdd9f460 WorkerThread "GC Thread#3"                     [id=35816, stack(0x00000034c4f00000,0x00000034c5000000) (1024K)]
  0x0000020dcdda0030 WorkerThread "GC Thread#4"                     [id=26812, stack(0x00000034c5000000,0x00000034c5100000) (1024K)]
  0x0000020dcdde93a0 WorkerThread "GC Thread#5"                     [id=17144, stack(0x00000034c5100000,0x00000034c5200000) (1024K)]
  0x0000020e131d5330 WorkerThread "GC Thread#6"                     [id=33848, stack(0x00000034c5300000,0x00000034c5400000) (1024K)]
  0x0000020e131d56e0 WorkerThread "GC Thread#7"                     [id=29600, stack(0x00000034c5400000,0x00000034c5500000) (1024K)]
  0x0000020dba2ae780 ConcurrentGCThread "G1 Main Marker"            [id=16500, stack(0x00000034c3b00000,0x00000034c3c00000) (1024K)]
  0x0000020dba2b07e0 WorkerThread "G1 Conc#0"                       [id=35852, stack(0x00000034c3c00000,0x00000034c3d00000) (1024K)]
  0x0000020e13401e40 WorkerThread "G1 Conc#1"                       [id=3468, stack(0x00000034c5200000,0x00000034c5300000) (1024K)]
  0x0000020dcc97daa0 ConcurrentGCThread "G1 Refine#0"               [id=26344, stack(0x00000034c3d00000,0x00000034c3e00000) (1024K)]
  0x0000020dcc980fd0 ConcurrentGCThread "G1 Service"                [id=25856, stack(0x00000034c3e00000,0x00000034c3f00000) (1024K)]
Total: 15

Threads with active compile tasks:
Total: 0

VM state: at safepoint (normal execution)

VM Mutex/Monitor currently owned by a thread:  ([mutex/lock_event])
[0x00007ffaa6b04888] Threads_lock - owner thread: 0x0000020dccac2fd0
[0x00007ffaa6b04988] Heap_lock - owner thread: 0x0000020dba2116e0

Heap address: 0x000000070b800000, size: 3912 MB, Compressed Oops mode: Zero based, Oop shift amount: 3

CDS archive(s) mapped at: [0x0000020dce000000-0x0000020dced70000-0x0000020dced70000), size 14090240, SharedBaseAddress: 0x0000020dce000000, ArchiveRelocationMode: 1.
Compressed class space mapped at: 0x0000020dcf000000-0x0000020e0f000000, reserved size: 1073741824
Narrow klass base: 0x0000020dce000000, Narrow klass shift: 0, Narrow klass range: 0x41000000

GC Precious Log:
 CardTable entry size: 512
 Card Set container configuration: InlinePtr #cards 4 size 8 Array Of Cards #cards 16 size 48 Howl #buckets 8 coarsen threshold 3686 Howl Bitmap #cards 512 size 80 coarsen threshold 460 Card regions per heap region 1 cards per card region 4096
 CPUs: 8 total, 8 available
 Memory: 15647M
 Large Page Support: Disabled
 NUMA Support: Disabled
 Compressed Oops: Enabled (Zero based)
 Heap Region Size: 2M
 Heap Min Capacity: 8M
 Heap Initial Capacity: 246M
 Heap Max Capacity: 3912M
 Pre-touch: Disabled
 Parallel Workers: 8
 Concurrent Workers: 2
 Concurrent Refinement Workers: 8
 Periodic GC: Disabled

Heap:
 garbage-first heap   total reserved 4005888K, committed 75776K, used 43697K [0x000000070b800000, 0x0000000800000000)
  region size 2048K, 2 young (4096K), 2 survivors (4096K)
 Metaspace       used 67593K, committed 68288K, reserved 1114112K
  class space    used 10256K, committed 10560K, reserved 1048576K

Heap Regions: E=young(eden), S=young(survivor), O=old, HS=humongous(starts), HC=humongous(continues), CS=collection set, F=free, TAMS=top-at-mark-start, PB=parsable bottom
|   0|0x000000070b800000, 0x000000070ba00000, 0x000000070ba00000|100%| O|  |TAMS 0x000000070ba00000| PB 0x000000070b800000| Untracked |  0
|   1|0x000000070ba00000, 0x000000070bc00000, 0x000000070bc00000|100%| O|  |TAMS 0x000000070bc00000| PB 0x000000070ba00000| Untracked |  0
|   2|0x000000070bc00000, 0x000000070be00000, 0x000000070be00000|100%| O|  |TAMS 0x000000070be00000| PB 0x000000070bc00000| Untracked |  0
|   3|0x000000070be00000, 0x000000070c000000, 0x000000070c000000|100%| O|  |TAMS 0x000000070c000000| PB 0x000000070be00000| Untracked |  0
|   4|0x000000070c000000, 0x000000070c200000, 0x000000070c200000|100%| O|  |TAMS 0x000000070c200000| PB 0x000000070c000000| Untracked |  0
|   5|0x000000070c200000, 0x000000070c200000, 0x000000070c400000|  0%| F|  |TAMS 0x000000070c200000| PB 0x000000070c200000| Untracked |  0
|   6|0x000000070c400000, 0x000000070c600000, 0x000000070c600000|100%| O|  |TAMS 0x000000070c600000| PB 0x000000070c400000| Untracked |  0
|   7|0x000000070c600000, 0x000000070c800000, 0x000000070c800000|100%| O|  |TAMS 0x000000070c800000| PB 0x000000070c600000| Untracked |  0
|   8|0x000000070c800000, 0x000000070ca00000, 0x000000070ca00000|100%| O|  |TAMS 0x000000070ca00000| PB 0x000000070c800000| Untracked |  0
|   9|0x000000070ca00000, 0x000000070cc00000, 0x000000070cc00000|100%| O|  |TAMS 0x000000070cc00000| PB 0x000000070ca00000| Untracked |  0
|  10|0x000000070cc00000, 0x000000070ce00000, 0x000000070ce00000|100%| O|  |TAMS 0x000000070ce00000| PB 0x000000070cc00000| Untracked |  0
|  11|0x000000070ce00000, 0x000000070d000000, 0x000000070d000000|100%| O|  |TAMS 0x000000070d000000| PB 0x000000070ce00000| Untracked |  0
|  12|0x000000070d000000, 0x000000070d200000, 0x000000070d200000|100%| O|  |TAMS 0x000000070d200000| PB 0x000000070d000000| Untracked |  0
|  13|0x000000070d200000, 0x000000070d400000, 0x000000070d400000|100%| O|  |TAMS 0x000000070d400000| PB 0x000000070d200000| Untracked |  0
|  14|0x000000070d400000, 0x000000070d600000, 0x000000070d600000|100%| O|  |TAMS 0x000000070d600000| PB 0x000000070d400000| Untracked |  0
|  15|0x000000070d600000, 0x000000070d800000, 0x000000070d800000|100%| O|  |TAMS 0x000000070d800000| PB 0x000000070d600000| Untracked |  0
|  16|0x000000070d800000, 0x000000070da00000, 0x000000070da00000|100%| O|  |TAMS 0x000000070da00000| PB 0x000000070d800000| Untracked |  0
|  17|0x000000070da00000, 0x000000070dc00000, 0x000000070dc00000|100%| O|  |TAMS 0x000000070dc00000| PB 0x000000070da00000| Untracked |  0
|  18|0x000000070dc00000, 0x000000070de00000, 0x000000070de00000|100%| O|  |TAMS 0x000000070de00000| PB 0x000000070dc00000| Untracked |  0
|  19|0x000000070de00000, 0x000000070e000000, 0x000000070e000000|100%| O|  |TAMS 0x000000070e000000| PB 0x000000070de00000| Untracked |  0
|  20|0x000000070e000000, 0x000000070e0ac708, 0x000000070e200000| 33%| O|  |TAMS 0x000000070e015d98| PB 0x000000070e000000| Untracked |  0
|  21|0x000000070e200000, 0x000000070e200000, 0x000000070e400000|  0%| F|  |TAMS 0x000000070e200000| PB 0x000000070e200000| Untracked |  0
|  22|0x000000070e400000, 0x000000070e600000, 0x000000070e600000|100%| S|CS|TAMS 0x000000070e400000| PB 0x000000070e400000| Complete |  0
|  23|0x000000070e600000, 0x000000070e600000, 0x000000070e800000|  0%| F|  |TAMS 0x000000070e600000| PB 0x000000070e600000| Untracked |  0
|  24|0x000000070e800000, 0x000000070ea00000, 0x000000070ea00000|100%| S|CS|TAMS 0x000000070e800000| PB 0x000000070e800000| Complete |  0
|  25|0x000000070ea00000, 0x000000070ea00000, 0x000000070ec00000|  0%| F|  |TAMS 0x000000070ea00000| PB 0x000000070ea00000| Untracked |  0
|  26|0x000000070ec00000, 0x000000070ec00000, 0x000000070ee00000|  0%| F|  |TAMS 0x000000070ec00000| PB 0x000000070ec00000| Untracked |  0
|  27|0x000000070ee00000, 0x000000070ee00000, 0x000000070f000000|  0%| F|  |TAMS 0x000000070ee00000| PB 0x000000070ee00000| Untracked |  0
|  28|0x000000070f000000, 0x000000070f000000, 0x000000070f200000|  0%| F|  |TAMS 0x000000070f000000| PB 0x000000070f000000| Untracked |  0
|  29|0x000000070f200000, 0x000000070f200000, 0x000000070f400000|  0%| F|  |TAMS 0x000000070f200000| PB 0x000000070f200000| Untracked |  0
|  30|0x000000070f400000, 0x000000070f400000, 0x000000070f600000|  0%| F|  |TAMS 0x000000070f400000| PB 0x000000070f400000| Untracked |  0
|  31|0x000000070f600000, 0x000000070f600000, 0x000000070f800000|  0%| F|  |TAMS 0x000000070f600000| PB 0x000000070f600000| Untracked |  0
| 109|0x0000000719200000, 0x0000000719200000, 0x0000000719400000|  0%| F|  |TAMS 0x0000000719200000| PB 0x0000000719200000| Untracked |  0
| 110|0x0000000719400000, 0x0000000719400000, 0x0000000719600000|  0%| F|  |TAMS 0x0000000719400000| PB 0x0000000719400000| Untracked |  0
| 111|0x0000000719600000, 0x0000000719600000, 0x0000000719800000|  0%| F|  |TAMS 0x0000000719600000| PB 0x0000000719600000| Untracked |  0
| 112|0x0000000719800000, 0x0000000719800000, 0x0000000719a00000|  0%| F|  |TAMS 0x0000000719800000| PB 0x0000000719800000| Untracked |  0
| 122|0x000000071ac00000, 0x000000071ac00000, 0x000000071ae00000|  0%| F|  |TAMS 0x000000071ac00000| PB 0x000000071ac00000| Untracked |  0

Card table byte_map: [0x0000020dc6200000,0x0000020dc69b0000] _byte_map_base: 0x0000020dc29a4000

Marking Bits: (CMBitMap*) 0x0000020dba27daa0
 Bits: [0x0000020dc69b0000, 0x0000020dca6d0000)

Polling page: 0x0000020db7f90000

Metaspace:

Usage:
  Non-class:     55.99 MB used.
      Class:     10.02 MB used.
       Both:     66.01 MB used.

Virtual space:
  Non-class space:       64.00 MB reserved,      56.38 MB ( 88%) committed,  1 nodes.
      Class space:        1.00 GB reserved,      10.31 MB (  1%) committed,  1 nodes.
             Both:        1.06 GB reserved,      66.69 MB (  6%) committed. 

Chunk freelists:
   Non-Class:  7.08 MB
       Class:  5.72 MB
        Both:  12.80 MB

MaxMetaspaceSize: unlimited
CompressedClassSpaceSize: 1.00 GB
Initial GC threshold: 21.00 MB
Current GC threshold: 110.88 MB
CDS: on
 - commit_granule_bytes: 65536.
 - commit_granule_words: 8192.
 - virtual_space_node_default_size: 8388608.
 - enlarge_chunks_in_place: 1.
 - use_allocation_guard: 0.


Internal statistics:

num_allocs_failed_limit: 9.
num_arena_births: 890.
num_arena_deaths: 0.
num_vsnodes_births: 2.
num_vsnodes_deaths: 0.
num_space_committed: 1067.
num_space_uncommitted: 0.
num_chunks_returned_to_freelist: 9.
num_chunks_taken_from_freelist: 3320.
num_chunk_merges: 9.
num_chunk_splits: 2466.
num_chunks_enlarged: 1983.
num_inconsistent_stats: 0.

CodeCache: size=49152Kb used=12405Kb max_used=12405Kb free=36746Kb
 bounds [0x0000020dc2940000, 0x0000020dc3560000, 0x0000020dc5940000]
 total_blobs=8470, nmethods=7762, adapters=629, full_count=0
Compilation: enabled, stopped_count=0, restarted_count=0

Compilation events (20 events):
Event: 19.871 Thread 0x0000020dcd9a2ba0 7866       1       org.antlr.v4.runtime.misc.FlexibleHashMap::createEntryListArray (7 bytes)
Event: 19.871 Thread 0x0000020dcd9a2ba0 nmethod 7866 0x0000020dc3557888 code [0x0000020dc35579a0, 0x0000020dc3557ad8]
Event: 19.882 Thread 0x0000020dcd174a80 7867       1       java.util.ArrayList::equalsArrayList (108 bytes)
Event: 19.883 Thread 0x0000020dcd174a80 nmethod 7867 0x0000020dc3557b88 code [0x0000020dc3557ce0, 0x0000020dc35580a0]
Event: 19.901 Thread 0x0000020dcd9a0f30 7868       1       org.antlr.v4.runtime.Parser::exitRule (81 bytes)
Event: 19.902 Thread 0x0000020dcd9a0f30 nmethod 7868 0x0000020dc3558108 code [0x0000020dc3558260, 0x0000020dc35585b0]
Event: 19.974 Thread 0x0000020dcd9a2ba0 7869       1       org.antlr.v4.runtime.BufferedTokenStream::seek (14 bytes)
Event: 19.974 Thread 0x0000020dcd174a80 7870   !   1       org.antlr.v4.runtime.atn.ParserATNSimulator::adaptivePredict (406 bytes)
Event: 19.975 Thread 0x0000020dcd9a2ba0 nmethod 7869 0x0000020dc3558608 code [0x0000020dc3558740, 0x0000020dc35588c8]
Event: 19.975 Thread 0x0000020dcd9a2ba0 7871       1       org.antlr.v4.runtime.atn.ParserATNSimulator::execATN (584 bytes)
Event: 19.975 Thread 0x0000020dcd9a0f30 7872       1       org.antlr.v4.runtime.BufferedTokenStream::release (1 bytes)
Event: 19.975 Thread 0x0000020dcd9a0f30 nmethod 7872 0x0000020dc3558908 code [0x0000020dc3558a20, 0x0000020dc3558ae8]
Event: 19.978 Thread 0x0000020dcd174a80 nmethod 7870 0x0000020dc3558c08 code [0x0000020dc3559040, 0x0000020dc355a8d0]
Event: 19.980 Thread 0x0000020dcd9a2ba0 nmethod 7871 0x0000020dc355aa88 code [0x0000020dc355b020, 0x0000020dc355cc38]
Event: 19.986 Thread 0x0000020dcd20bc70 7873       1       org.antlr.v4.runtime.ParserRuleContext::getChildCount (21 bytes)
Event: 19.986 Thread 0x0000020dcd20bc70 nmethod 7873 0x0000020dc355ce08 code [0x0000020dc355cf20, 0x0000020dc355d050]
Event: 19.986 Thread 0x0000020dcd9a2ba0 7874       1       org.antlr.v4.runtime.tree.AbstractParseTreeVisitor::aggregateResult (2 bytes)
Event: 19.987 Thread 0x0000020dcd9a2ba0 nmethod 7874 0x0000020dc355d108 code [0x0000020dc355d220, 0x0000020dc355d2e8]
Event: 20.037 Thread 0x0000020dcd9a2ba0 7875       1       java.util.ArrayList::remove (26 bytes)
Event: 20.037 Thread 0x0000020dcd9a2ba0 nmethod 7875 0x0000020dc355d408 code [0x0000020dc355d520, 0x0000020dc355d688]

GC Heap History (20 events):
Event: 16.664 GC heap after
{Heap after GC invocations=15 (full 0):
 garbage-first heap   total reserved 4005888K, committed 69632K, used 34302K [0x000000070b800000, 0x0000000800000000)
  region size 2048K, 2 young (4096K), 2 survivors (4096K)
 Metaspace       used 59643K, committed 60224K, reserved 1114112K
  class space    used 8819K, committed 9088K, reserved 1048576K
}
Event: 16.718 GC heap before
{Heap before GC invocations=15 (full 0):
 garbage-first heap   total reserved 4005888K, committed 69632K, used 34302K [0x000000070b800000, 0x0000000800000000)
  region size 2048K, 3 young (6144K), 2 survivors (4096K)
 Metaspace       used 59876K, committed 60480K, reserved 1114112K
  class space    used 8858K, committed 9152K, reserved 1048576K
}
Event: 16.723 GC heap after
{Heap after GC invocations=16 (full 0):
 garbage-first heap   total reserved 4005888K, committed 69632K, used 34849K [0x000000070b800000, 0x0000000800000000)
  region size 2048K, 1 young (2048K), 1 survivors (2048K)
 Metaspace       used 59876K, committed 60480K, reserved 1114112K
  class space    used 8858K, committed 9152K, reserved 1048576K
}
Event: 17.696 GC heap before
{Heap before GC invocations=17 (full 0):
 garbage-first heap   total reserved 4005888K, committed 69632K, used 59425K [0x000000070b800000, 0x0000000800000000)
  region size 2048K, 13 young (26624K), 1 survivors (2048K)
 Metaspace       used 62351K, committed 63040K, reserved 1114112K
  class space    used 9242K, committed 9536K, reserved 1048576K
}
Event: 17.699 GC heap after
{Heap after GC invocations=18 (full 0):
 garbage-first heap   total reserved 4005888K, committed 69632K, used 36560K [0x000000070b800000, 0x0000000800000000)
  region size 2048K, 2 young (4096K), 2 survivors (4096K)
 Metaspace       used 62351K, committed 63040K, reserved 1114112K
  class space    used 9242K, committed 9536K, reserved 1048576K
}
Event: 18.130 GC heap before
{Heap before GC invocations=18 (full 0):
 garbage-first heap   total reserved 4005888K, committed 69632K, used 57040K [0x000000070b800000, 0x0000000800000000)
  region size 2048K, 12 young (24576K), 2 survivors (4096K)
 Metaspace       used 64359K, committed 65024K, reserved 1114112K
  class space    used 9657K, committed 9920K, reserved 1048576K
}
Event: 18.136 GC heap after
{Heap after GC invocations=19 (full 0):
 garbage-first heap   total reserved 4005888K, committed 69632K, used 37393K [0x000000070b800000, 0x0000000800000000)
  region size 2048K, 1 young (2048K), 1 survivors (2048K)
 Metaspace       used 64359K, committed 65024K, reserved 1114112K
  class space    used 9657K, committed 9920K, reserved 1048576K
}
Event: 18.581 GC heap before
{Heap before GC invocations=19 (full 0):
 garbage-first heap   total reserved 4005888K, committed 69632K, used 59921K [0x000000070b800000, 0x0000000800000000)
  region size 2048K, 12 young (24576K), 1 survivors (2048K)
 Metaspace       used 65987K, committed 66688K, reserved 1114112K
  class space    used 10023K, committed 10304K, reserved 1048576K
}
Event: 18.584 GC heap after
{Heap after GC invocations=20 (full 0):
 garbage-first heap   total reserved 4005888K, committed 69632K, used 38304K [0x000000070b800000, 0x0000000800000000)
  region size 2048K, 2 young (4096K), 2 survivors (4096K)
 Metaspace       used 65987K, committed 66688K, reserved 1114112K
  class space    used 10023K, committed 10304K, reserved 1048576K
}
Event: 19.125 GC heap before
{Heap before GC invocations=21 (full 0):
 garbage-first heap   total reserved 4005888K, committed 69632K, used 56736K [0x000000070b800000, 0x0000000800000000)
  region size 2048K, 11 young (22528K), 2 survivors (4096K)
 Metaspace       used 67446K, committed 68096K, reserved 1114112K
  class space    used 10232K, committed 10496K, reserved 1048576K
}
Event: 19.129 GC heap after
{Heap after GC invocations=22 (full 0):
 garbage-first heap   total reserved 4005888K, committed 69632K, used 41028K [0x000000070b800000, 0x0000000800000000)
  region size 2048K, 2 young (4096K), 2 survivors (4096K)
 Metaspace       used 67446K, committed 68096K, reserved 1114112K
  class space    used 10232K, committed 10496K, reserved 1048576K
}
Event: 19.223 GC heap before
{Heap before GC invocations=22 (full 0):
 garbage-first heap   total reserved 4005888K, committed 69632K, used 57412K [0x000000070b800000, 0x0000000800000000)
  region size 2048K, 10 young (20480K), 2 survivors (4096K)
 Metaspace       used 67450K, committed 68096K, reserved 1114112K
  class space    used 10232K, committed 10496K, reserved 1048576K
}
Event: 19.229 GC heap after
{Heap after GC invocations=23 (full 0):
 garbage-first heap   total reserved 4005888K, committed 69632K, used 41060K [0x000000070b800000, 0x0000000800000000)
  region size 2048K, 2 young (4096K), 2 survivors (4096K)
 Metaspace       used 67450K, committed 68096K, reserved 1114112K
  class space    used 10232K, committed 10496K, reserved 1048576K
}
Event: 19.359 GC heap before
{Heap before GC invocations=23 (full 0):
 garbage-first heap   total reserved 4005888K, committed 69632K, used 57444K [0x000000070b800000, 0x0000000800000000)
  region size 2048K, 10 young (20480K), 2 survivors (4096K)
 Metaspace       used 67453K, committed 68096K, reserved 1114112K
  class space    used 10232K, committed 10496K, reserved 1048576K
}
Event: 19.362 GC heap after
{Heap after GC invocations=24 (full 0):
 garbage-first heap   total reserved 4005888K, committed 69632K, used 41391K [0x000000070b800000, 0x0000000800000000)
  region size 2048K, 2 young (4096K), 2 survivors (4096K)
 Metaspace       used 67453K, committed 68096K, reserved 1114112K
  class space    used 10232K, committed 10496K, reserved 1048576K
}
Event: 19.502 GC heap before
{Heap before GC invocations=25 (full 0):
 garbage-first heap   total reserved 4005888K, committed 75776K, used 55727K [0x000000070b800000, 0x0000000800000000)
  region size 2048K, 9 young (18432K), 2 survivors (4096K)
 Metaspace       used 67453K, committed 68096K, reserved 1114112K
  class space    used 10232K, committed 10496K, reserved 1048576K
}
Event: 19.505 GC heap after
{Heap after GC invocations=26 (full 0):
 garbage-first heap   total reserved 4005888K, committed 75776K, used 40301K [0x000000070b800000, 0x0000000800000000)
  region size 2048K, 1 young (2048K), 1 survivors (2048K)
 Metaspace       used 67453K, committed 68096K, reserved 1114112K
  class space    used 10232K, committed 10496K, reserved 1048576K
}
Event: 19.931 GC heap before
{Heap before GC invocations=26 (full 0):
 garbage-first heap   total reserved 4005888K, committed 75776K, used 64877K [0x000000070b800000, 0x0000000800000000)
  region size 2048K, 13 young (26624K), 1 survivors (2048K)
 Metaspace       used 67593K, committed 68288K, reserved 1114112K
  class space    used 10256K, committed 10560K, reserved 1048576K
}
Event: 19.936 GC heap after
{Heap after GC invocations=27 (full 0):
 garbage-first heap   total reserved 4005888K, committed 75776K, used 40514K [0x000000070b800000, 0x0000000800000000)
  region size 2048K, 1 young (2048K), 1 survivors (2048K)
 Metaspace       used 67593K, committed 68288K, reserved 1114112K
  class space    used 10256K, committed 10560K, reserved 1048576K
}
Event: 20.080 GC heap before
{Heap before GC invocations=27 (full 0):
 garbage-first heap   total reserved 4005888K, committed 75776K, used 65090K [0x000000070b800000, 0x0000000800000000)
  region size 2048K, 13 young (26624K), 1 survivors (2048K)
 Metaspace       used 67593K, committed 68288K, reserved 1114112K
  class space    used 10256K, committed 10560K, reserved 1048576K
}

Dll operation events (10 events):
Event: 0.013 Loaded shared library C:\Program Files\Java\jdk-23\bin\java.dll
Event: 0.171 Loaded shared library C:\Program Files\Java\jdk-23\bin\net.dll
Event: 0.174 Loaded shared library C:\Program Files\Java\jdk-23\bin\nio.dll
Event: 0.186 Loaded shared library C:\Program Files\Java\jdk-23\bin\zip.dll
Event: 0.449 Loaded shared library C:\Program Files\Java\jdk-23\bin\jimage.dll
Event: 3.175 Loaded shared library C:\Program Files\Java\jdk-23\bin\sunmscapi.dll
Event: 8.037 Loaded shared library C:\Program Files\Java\jdk-23\bin\management.dll
Event: 8.041 Loaded shared library C:\Program Files\Java\jdk-23\bin\management_ext.dll
Event: 9.927 Loaded shared library C:\Program Files\Java\jdk-23\bin\verify.dll
Event: 10.859 Loaded shared library C:\Program Files\Java\jdk-23\bin\extnet.dll

Deoptimization events (0 events):
No events

Classes loaded (20 events):
Event: 17.058 Loading class java/util/regex/Pattern$Neg
Event: 17.058 Loading class java/util/regex/Pattern$Neg done
Event: 17.058 Loading class java/util/regex/Pattern$Behind
Event: 17.058 Loading class java/util/regex/Pattern$Behind done
Event: 17.134 Loading class java/util/WeakHashMap$KeyIterator
Event: 17.134 Loading class java/util/WeakHashMap$KeyIterator done
Event: 17.330 Loading class java/util/EnumMap$EntrySet
Event: 17.331 Loading class java/util/EnumMap$EntrySet done
Event: 17.331 Loading class java/util/EnumMap$EntryIterator
Event: 17.331 Loading class java/util/EnumMap$EnumMapIterator
Event: 17.331 Loading class java/util/EnumMap$EnumMapIterator done
Event: 17.331 Loading class java/util/EnumMap$EntryIterator done
Event: 17.492 Loading class java/util/LinkedList$LLSpliterator
Event: 17.492 Loading class java/util/LinkedList$LLSpliterator done
Event: 17.494 Loading class sun/reflect/annotation/AnnotationInvocationHandler$1
Event: 17.494 Loading class sun/reflect/annotation/AnnotationInvocationHandler$1 done
Event: 17.705 Loading class java/util/EmptyStackException
Event: 17.705 Loading class java/util/EmptyStackException done
Event: 17.915 Loading class java/io/InvalidClassException
Event: 17.915 Loading class java/io/InvalidClassException done

Classes unloaded (0 events):
No events

Classes redefined (0 events):
No events

Internal exceptions (20 events):
Event: 15.761 Thread 0x0000020dba2116e0 Exception <a 'java/lang/NoSuchMethodError'{0x0000000719232168}: 'void java.lang.invoke.DirectMethodHandle$Holder.invokeSpecial(java.lang.Object, java.lang.Object, java.lang.Object, java.lang.Object, java.lang.Object, java.lang.Object, java.lang.Object, java.lang.Object)'> (0x0000000719232168) 
thrown [s\open\src\hotspot\share\interpreter\linkResolver.cpp, line 796]
Event: 15.775 Thread 0x0000020dba2116e0 Exception <a 'java/lang/NoSuchMethodError'{0x000000071926dde8}: 'void java.lang.invoke.DirectMethodHandle$Holder.invokeSpecial(java.lang.Object, java.lang.Object, int, java.lang.Object)'> (0x000000071926dde8) 
thrown [s\open\src\hotspot\share\interpreter\linkResolver.cpp, line 796]
Event: 15.776 Thread 0x0000020dba2116e0 Exception <a 'java/lang/NoSuchMethodError'{0x0000000719274220}: 'java.lang.Object java.lang.invoke.DirectMethodHandle$Holder.newInvokeSpecial(java.lang.Object, java.lang.Object, int)'> (0x0000000719274220) 
thrown [s\open\src\hotspot\share\interpreter\linkResolver.cpp, line 796]
Event: 15.856 Thread 0x0000020dba2116e0 Exception <a 'java/lang/NoSuchMethodError'{0x00000007193cb4a0}: 'int java.lang.invoke.DirectMethodHandle$Holder.invokeSpecial(java.lang.Object, java.lang.Object, int, java.lang.Object)'> (0x00000007193cb4a0) 
thrown [s\open\src\hotspot\share\interpreter\linkResolver.cpp, line 796]
Event: 15.857 Thread 0x0000020dba2116e0 Exception <a 'java/lang/NoSuchMethodError'{0x00000007193d3f90}: 'int java.lang.invoke.DirectMethodHandle$Holder.invokeStatic(java.lang.Object, int, java.lang.Object)'> (0x00000007193d3f90) 
thrown [s\open\src\hotspot\share\interpreter\linkResolver.cpp, line 796]
Event: 15.862 Thread 0x0000020dba2116e0 Exception <a 'java/lang/NoSuchMethodError'{0x00000007193efc80}: 'java.lang.Object java.lang.invoke.DirectMethodHandle$Holder.newInvokeSpecial(java.lang.Object, java.lang.Object, java.lang.Object, java.lang.Object, java.lang.Object, int, java.lang.Object)'> (0x00000007193efc80) 
thrown [s\open\src\hotspot\share\interpreter\linkResolver.cpp, line 796]
Event: 15.872 Thread 0x0000020dba2116e0 Exception <a 'java/lang/NoSuchMethodError'{0x000000070f024068}: 'java.lang.Object java.lang.invoke.Invokers$Holder.linkToTargetMethod(java.lang.Object, java.lang.Object, java.lang.Object, java.lang.Object, java.lang.Object, java.lang.Object, java.lang.Object, java.lang.Object, java.lang.Object, java.lang.Object, java.lang.Object, java.lang.Object)'> (0x000000070f024068) 
thrown [s\open\src\hotspot\share\interpreter\linkResolver.cpp, line 796]
Event: 15.926 Thread 0x0000020dba2116e0 Exception <a 'java/lang/IncompatibleClassChangeError'{0x000000070f14bc78}: Found class java.lang.Object, but interface was expected> (0x000000070f14bc78) 
thrown [s\open\src\hotspot\share\interpreter\linkResolver.cpp, line 863]
Event: 15.973 Thread 0x0000020dba2116e0 Exception <a 'java/lang/IncompatibleClassChangeError'{0x000000070ee488b0}: Found class java.lang.Object, but interface was expected> (0x000000070ee488b0) 
thrown [s\open\src\hotspot\share\interpreter\linkResolver.cpp, line 863]
Event: 16.001 Thread 0x0000020dba2116e0 Exception <a 'java/lang/NoSuchMethodError'{0x000000070eec49d8}: 'java.lang.Object java.lang.invoke.DirectMethodHandle$Holder.newInvokeSpecial(java.lang.Object, java.lang.Object, java.lang.Object, java.lang.Object, java.lang.Object, java.lang.Object, java.lang.Object, int)'> (0x000000070eec49d8) 
thrown [s\open\src\hotspot\share\interpreter\linkResolver.cpp, line 796]
Event: 16.001 Thread 0x0000020dba2116e0 Exception <a 'java/lang/NoSuchMethodError'{0x000000070eec9030}: 'java.lang.Object java.lang.invoke.DirectMethodHandle$Holder.invokeSpecial(java.lang.Object, java.lang.Object, java.lang.Object, java.lang.Object, java.lang.Object, java.lang.Object, java.lang.Object, java.lang.Object, int)'> (0x000000070eec9030) 
thrown [s\open\src\hotspot\share\interpreter\linkResolver.cpp, line 796]
Event: 16.002 Thread 0x0000020dba2116e0 Exception <a 'java/lang/NoSuchMethodError'{0x000000070eecd070}: 'java.lang.Object java.lang.invoke.Invokers$Holder.linkToTargetMethod(java.lang.Object, java.lang.Object, java.lang.Object, java.lang.Object, java.lang.Object, java.lang.Object, int, java.lang.Object)'> (0x000000070eecd070) 
thrown [s\open\src\hotspot\share\interpreter\linkResolver.cpp, line 796]
Event: 16.066 Thread 0x0000020dba2116e0 Exception <a 'java/lang/NoSuchMethodError'{0x000000070efe5078}: 'java.lang.Object java.lang.invoke.DirectMethodHandle$Holder.newInvokeSpecial(java.lang.Object, java.lang.Object, int, java.lang.Object, int, java.lang.Object, java.lang.Object)'> (0x000000070efe5078) 
thrown [s\open\src\hotspot\share\interpreter\linkResolver.cpp, line 796]
Event: 16.412 Thread 0x0000020dba2116e0 Exception <a 'java/lang/IncompatibleClassChangeError'{0x000000070e5290e0}: Found class java.lang.Object, but interface was expected> (0x000000070e5290e0) 
thrown [s\open\src\hotspot\share\interpreter\linkResolver.cpp, line 863]
Event: 16.494 Thread 0x0000020dba2116e0 Exception <a 'java/lang/IncompatibleClassChangeError'{0x000000070e2d61e8}: Found class java.lang.Object, but interface was expected> (0x000000070e2d61e8) 
thrown [s\open\src\hotspot\share\interpreter\linkResolver.cpp, line 863]
Event: 16.702 Thread 0x0000020dba2116e0 Exception <a 'java/lang/IncompatibleClassChangeError'{0x000000071acd7aa0}: Found class java.lang.Object, but interface was expected> (0x000000071acd7aa0) 
thrown [s\open\src\hotspot\share\interpreter\linkResolver.cpp, line 863]
Event: 16.997 Thread 0x0000020dba2116e0 Exception <a 'java/lang/IncompatibleClassChangeError'{0x00000007194b54b8}: Found class java.lang.Object, but interface was expected> (0x00000007194b54b8) 
thrown [s\open\src\hotspot\share\interpreter\linkResolver.cpp, line 863]
Event: 16.998 Thread 0x0000020dba2116e0 Exception <a 'java/lang/IncompatibleClassChangeError'{0x00000007194bad28}: Found class java.lang.Object, but interface was expected> (0x00000007194bad28) 
thrown [s\open\src\hotspot\share\interpreter\linkResolver.cpp, line 863]
Event: 17.089 Thread 0x0000020dba2116e0 Exception <a 'java/lang/NoSuchMethodError'{0x0000000719281b08}: 'java.lang.Object java.lang.invoke.DirectMethodHandle$Holder.invokeStatic(java.lang.Object, int, java.lang.Object)'> (0x0000000719281b08) 
thrown [s\open\src\hotspot\share\interpreter\linkResolver.cpp, line 796]
Event: 17.166 Thread 0x0000020dba2116e0 Exception <a 'java/lang/NoSuchMethodError'{0x000000070f150f38}: 'void java.lang.invoke.Invokers$Holder.invokeExact_MT(java.lang.Object, java.lang.Object, java.lang.Object, java.lang.Object)'> (0x000000070f150f38) 
thrown [s\open\src\hotspot\share\interpreter\linkResolver.cpp, line 796]

VM Operations (20 events):
Event: 18.642 Executing VM operation: G1PauseRemark done
Event: 18.659 Executing VM operation: G1PauseCleanup
Event: 18.659 Executing VM operation: G1PauseCleanup done
Event: 18.668 Executing VM operation: HandshakeAllThreads (Deoptimize)
Event: 18.668 Executing VM operation: HandshakeAllThreads (Deoptimize) done
Event: 19.125 Executing VM operation: G1CollectForAllocation (G1 Evacuation Pause)
Event: 19.129 Executing VM operation: G1CollectForAllocation (G1 Evacuation Pause) done
Event: 19.223 Executing VM operation: G1CollectForAllocation (G1 Evacuation Pause)
Event: 19.229 Executing VM operation: G1CollectForAllocation (G1 Evacuation Pause) done
Event: 19.358 Executing VM operation: G1CollectForAllocation (G1 Evacuation Pause)
Event: 19.362 Executing VM operation: G1CollectForAllocation (G1 Evacuation Pause) done
Event: 19.424 Executing VM operation: G1PauseRemark
Event: 19.428 Executing VM operation: G1PauseRemark done
Event: 19.448 Executing VM operation: G1PauseCleanup
Event: 19.448 Executing VM operation: G1PauseCleanup done
Event: 19.502 Executing VM operation: G1CollectForAllocation (G1 Evacuation Pause)
Event: 19.505 Executing VM operation: G1CollectForAllocation (G1 Evacuation Pause) done
Event: 19.931 Executing VM operation: G1CollectForAllocation (G1 Evacuation Pause)
Event: 19.936 Executing VM operation: G1CollectForAllocation (G1 Evacuation Pause) done
Event: 20.080 Executing VM operation: G1CollectForAllocation (G1 Evacuation Pause)

Memory protections (0 events):
No events

Nmethod flushes (20 events):
Event: 18.641 Thread 0x0000020dccac2fd0 flushing  nmethod 0x0000020dc3335408
Event: 18.641 Thread 0x0000020dccac2fd0 flushing  nmethod 0x0000020dc318a088
Event: 18.641 Thread 0x0000020dccac2fd0 flushing  nmethod 0x0000020dc31aec88
Event: 18.641 Thread 0x0000020dccac2fd0 flushing  nmethod 0x0000020dc32a6488
Event: 18.641 Thread 0x0000020dccac2fd0 flushing  nmethod 0x0000020dc32a9308
Event: 18.641 Thread 0x0000020dccac2fd0 flushing  nmethod 0x0000020dc2cdd708
Event: 18.641 Thread 0x0000020dccac2fd0 flushing  nmethod 0x0000020dc3253708
Event: 18.641 Thread 0x0000020dccac2fd0 flushing  nmethod 0x0000020dc3293488
Event: 18.641 Thread 0x0000020dccac2fd0 flushing  nmethod 0x0000020dc328c288
Event: 18.641 Thread 0x0000020dccac2fd0 flushing  nmethod 0x0000020dc328fd08
Event: 18.641 Thread 0x0000020dccac2fd0 flushing  nmethod 0x0000020dc3427a08
Event: 18.641 Thread 0x0000020dccac2fd0 flushing  nmethod 0x0000020dc3464088
Event: 19.427 Thread 0x0000020dccac2fd0 flushing  nmethod 0x0000020dc350e008
Event: 19.427 Thread 0x0000020dccac2fd0 flushing  nmethod 0x0000020dc34ece08
Event: 19.427 Thread 0x0000020dccac2fd0 flushing  nmethod 0x0000020dc34f6988
Event: 19.427 Thread 0x0000020dccac2fd0 flushing  nmethod 0x0000020dc34d8a88
Event: 19.427 Thread 0x0000020dccac2fd0 flushing  nmethod 0x0000020dc34d8d88
Event: 19.427 Thread 0x0000020dccac2fd0 flushing  nmethod 0x0000020dc3512288
Event: 19.427 Thread 0x0000020dccac2fd0 flushing  nmethod 0x0000020dc3500788
Event: 19.427 Thread 0x0000020dccac2fd0 flushing  nmethod 0x0000020dc3505588

Events (20 events):
Event: 0.050 Thread 0x0000020dba2116e0 Thread added: 0x0000020dccae77a0
Event: 0.050 Thread 0x0000020dba2116e0 Thread added: 0x0000020dccae9510
Event: 0.050 Thread 0x0000020dba2116e0 Thread added: 0x0000020dccaec0b0
Event: 0.051 Thread 0x0000020dba2116e0 Thread added: 0x0000020dcd174a80
Event: 0.148 Thread 0x0000020dcd174a80 Thread added: 0x0000020dcd20bc70
Event: 0.155 Thread 0x0000020dba2116e0 Thread added: 0x0000020dcd2ad9a0
Event: 0.160 Thread 0x0000020dba2116e0 Thread added: 0x0000020dcd2ba840
Event: 0.590 Thread 0x0000020dcd20bc70 Thread added: 0x0000020dcd9a0f30
Event: 0.590 Thread 0x0000020dcd20bc70 Thread added: 0x0000020dcd9a2ba0
Event: 1.899 Thread 0x0000020dba2116e0 Thread added: 0x0000020e130b77a0
Event: 3.191 Thread 0x0000020e130b77a0 Thread exited: 0x0000020e130b77a0
Event: 3.256 Thread 0x0000020dba2116e0 Thread added: 0x0000020e130b77a0
Event: 3.308 Thread 0x0000020e130b77a0 Thread exited: 0x0000020e130b77a0
Event: 8.393 Thread 0x0000020dba2116e0 Thread added: 0x0000020e140a59a0
Event: 8.395 Thread 0x0000020e140a59a0 Thread added: 0x0000020e1417aeb0
Event: 8.406 Thread 0x0000020dba2116e0 Thread added: 0x0000020e140c6430
Event: 11.240 Thread 0x0000020dba2116e0 Thread added: 0x0000020dcd1c0390
Event: 11.271 Thread 0x0000020dba2116e0 Thread added: 0x0000020dcd1bdc30
Event: 11.379 Thread 0x0000020dcd1bdc30 Thread added: 0x0000020dcd1c0a20
Event: 18.076 Thread 0x0000020dcd1c0a20 Thread exited: 0x0000020dcd1c0a20


Dynamic libraries:
0x00007ff70d760000 - 0x00007ff70d770000 	C:\Program Files\Java\jdk-23\bin\java.exe
0x00007ffb1c360000 - 0x00007ffb1c5c7000 	C:\WINDOWS\SYSTEM32\ntdll.dll
0x00007ffb1b5f0000 - 0x00007ffb1b6b9000 	C:\WINDOWS\System32\KERNEL32.DLL
0x00007ffb18c40000 - 0x00007ffb19031000 	C:\WINDOWS\System32\KERNELBASE.dll
0x00007ffb19fb0000 - 0x00007ffb1a0fb000 	C:\WINDOWS\System32\ucrtbase.dll
0x00007ffb13590000 - 0x00007ffb135a7000 	C:\Program Files\Java\jdk-23\bin\jli.dll
0x00007ffb135b0000 - 0x00007ffb135cb000 	C:\Program Files\Java\jdk-23\bin\VCRUNTIME140.dll
0x00007ffb1af20000 - 0x00007ffb1b0e5000 	C:\WINDOWS\System32\USER32.dll
0x00007ffb01270000 - 0x00007ffb01503000 	C:\WINDOWS\WinSxS\amd64_microsoft.windows.common-controls_6595b64144ccf1df_6.0.26100.8037_none_3e092faae333b53b\COMCTL32.dll
0x00007ffb19170000 - 0x00007ffb19197000 	C:\WINDOWS\System32\win32u.dll
0x00007ffb1b3c0000 - 0x00007ffb1b469000 	C:\WINDOWS\System32\msvcrt.dll
0x00007ffb1c150000 - 0x00007ffb1c17b000 	C:\WINDOWS\System32\GDI32.dll
0x00007ffb19040000 - 0x00007ffb1916b000 	C:\WINDOWS\System32\gdi32full.dll
0x00007ffb191a0000 - 0x00007ffb19243000 	C:\WINDOWS\System32\msvcp_win.dll
0x00007ffb1b750000 - 0x00007ffb1b781000 	C:\WINDOWS\System32\IMM32.DLL
0x00007ffb0f410000 - 0x00007ffb0f41c000 	C:\Program Files\Java\jdk-23\bin\vcruntime140_1.dll
0x00007ffb05690000 - 0x00007ffb0571e000 	C:\Program Files\Java\jdk-23\bin\msvcp140.dll
0x00007ffaa5e90000 - 0x00007ffaa6be0000 	C:\Program Files\Java\jdk-23\bin\server\jvm.dll
0x00007ffb1bc00000 - 0x00007ffb1bcbb000 	C:\WINDOWS\System32\ADVAPI32.dll
0x00007ffb1b9c0000 - 0x00007ffb1ba67000 	C:\WINDOWS\System32\sechost.dll
0x00007ffb1b8a0000 - 0x00007ffb1b9b8000 	C:\WINDOWS\System32\RPCRT4.dll
0x00007ffb1b340000 - 0x00007ffb1b3b4000 	C:\WINDOWS\System32\WS2_32.dll
0x00007ffb18aa0000 - 0x00007ffb18afe000 	C:\WINDOWS\SYSTEM32\POWRPROF.dll
0x00007ffb0fc90000 - 0x00007ffb0fc9b000 	C:\WINDOWS\SYSTEM32\VERSION.dll
0x00007ffb0f9d0000 - 0x00007ffb0fa05000 	C:\WINDOWS\SYSTEM32\WINMM.dll
0x00007ffb18a80000 - 0x00007ffb18a94000 	C:\WINDOWS\SYSTEM32\UMPDC.dll
0x00007ffb179d0000 - 0x00007ffb179eb000 	C:\WINDOWS\SYSTEM32\kernel.appcore.dll
0x00007ffb0f400000 - 0x00007ffb0f40a000 	C:\Program Files\Java\jdk-23\bin\jimage.dll
0x00007ffb0cab0000 - 0x00007ffb0ccf2000 	C:\WINDOWS\SYSTEM32\DBGHELP.DLL
0x00007ffb1a390000 - 0x00007ffb1a712000 	C:\WINDOWS\System32\combase.dll
0x00007ffb1a100000 - 0x00007ffb1a1d7000 	C:\WINDOWS\System32\OLEAUT32.dll
0x00007ffb02fd0000 - 0x00007ffb0300b000 	C:\WINDOWS\SYSTEM32\dbgcore.DLL
0x00007ffb19b50000 - 0x00007ffb19bf5000 	C:\WINDOWS\System32\bcryptPrimitives.dll
0x00007ffb0e9b0000 - 0x00007ffb0e9ce000 	C:\Program Files\Java\jdk-23\bin\java.dll
0x00007ffb1c180000 - 0x00007ffb1c315000 	C:\WINDOWS\System32\ole32.dll
0x00007ffb1a780000 - 0x00007ffb1aedf000 	C:\WINDOWS\System32\SHELL32.dll
0x00007ffb19d80000 - 0x00007ffb19eea000 	C:\WINDOWS\System32\wintypes.dll
0x00007ffb192e0000 - 0x00007ffb19b44000 	C:\WINDOWS\System32\windows.storage.dll
0x00007ffb1a210000 - 0x00007ffb1a307000 	C:\WINDOWS\System32\SHCORE.dll
0x00007ffb1b2d0000 - 0x00007ffb1b337000 	C:\WINDOWS\System32\shlwapi.dll
0x00007ffb18b60000 - 0x00007ffb18b89000 	C:\WINDOWS\SYSTEM32\profapi.dll
0x00007ffb0f3f0000 - 0x00007ffb0f400000 	C:\Program Files\Java\jdk-23\bin\net.dll
0x00007ffb17f40000 - 0x00007ffb17fab000 	C:\WINDOWS\system32\mswsock.dll
0x00007ffb0d7e0000 - 0x00007ffb0d7f6000 	C:\Program Files\Java\jdk-23\bin\nio.dll
0x00007ffb0cf20000 - 0x00007ffb0cf37000 	C:\Program Files\Java\jdk-23\bin\zip.dll
0x00007ffb0f3e0000 - 0x00007ffb0f3ee000 	C:\Program Files\Java\jdk-23\bin\sunmscapi.dll
0x00007ffb19c00000 - 0x00007ffb19d77000 	C:\WINDOWS\System32\CRYPT32.dll
0x00007ffb18440000 - 0x00007ffb18470000 	C:\WINDOWS\SYSTEM32\ncrypt.dll
0x00007ffb183f0000 - 0x00007ffb1842f000 	C:\WINDOWS\SYSTEM32\NTASN1.dll
0x00007ffb18220000 - 0x00007ffb1823b000 	C:\WINDOWS\SYSTEM32\CRYPTSP.dll
0x00007ffb17930000 - 0x00007ffb17969000 	C:\WINDOWS\system32\rsaenh.dll
0x00007ffb17ff0000 - 0x00007ffb18022000 	C:\WINDOWS\SYSTEM32\USERENV.dll
0x00007ffb18b30000 - 0x00007ffb18b5a000 	C:\WINDOWS\SYSTEM32\bcrypt.dll
0x00007ffb18240000 - 0x00007ffb1824c000 	C:\WINDOWS\SYSTEM32\CRYPTBASE.dll
0x00007ffb173e0000 - 0x00007ffb17413000 	C:\WINDOWS\SYSTEM32\IPHLPAPI.DLL
0x00007ffb1a200000 - 0x00007ffb1a20a000 	C:\WINDOWS\System32\NSI.dll
0x00007ffb0f3d0000 - 0x00007ffb0f3da000 	C:\Program Files\Java\jdk-23\bin\management.dll
0x00007ffb0f3c0000 - 0x00007ffb0f3cb000 	C:\Program Files\Java\jdk-23\bin\management_ext.dll
0x00007ffb1b890000 - 0x00007ffb1b898000 	C:\WINDOWS\System32\PSAPI.DLL
0x00007ffb0df90000 - 0x00007ffb0dfa0000 	C:\Program Files\Java\jdk-23\bin\verify.dll
0x00007ffb17470000 - 0x00007ffb1759a000 	C:\WINDOWS\SYSTEM32\DNSAPI.dll
0x00007ffb0fa10000 - 0x00007ffb0fa1b000 	C:\Windows\System32\rasadhlp.dll
0x00007ffb14030000 - 0x00007ffb140b6000 	C:\WINDOWS\System32\fwpuclnt.dll
0x00007ffb0d7d0000 - 0x00007ffb0d7d9000 	C:\Program Files\Java\jdk-23\bin\extnet.dll

dbghelp: loaded successfully - version: 4.0.5 - missing functions: none
symbol engine: initialized successfully - sym options: 0x614 - pdb path: .;C:\Program Files\Java\jdk-23\bin;C:\WINDOWS\SYSTEM32;C:\WINDOWS\WinSxS\amd64_microsoft.windows.common-controls_6595b64144ccf1df_6.0.26100.8037_none_3e092faae333b53b;C:\Program Files\Java\jdk-23\bin\server

VM Arguments:
jvm_args: -XX:TieredStopAtLevel=1 
java_command: com.app.usochicamochabackend.UsochicamochaBackendApplication
java_class_path (initial): C:\xampp\htdocs\repositorio\UsochimochaBackend\target\classes;C:\Users\jbarr\.m2\repository\org\springframework\boot\spring-boot\3.5.4\spring-boot-3.5.4.jar;C:\Users\jbarr\.m2\repository\org\springframework\boot\spring-boot-autoconfigure\3.5.4\spring-boot-autoconfigure-3.5.4.jar;C:\Users\jbarr\.m2\repository\ch\qos\logback\logback-classic\1.5.18\logback-classic-1.5.18.jar;C:\Users\jbarr\.m2\repository\ch\qos\logback\logback-core\1.5.18\logback-core-1.5.18.jar;C:\Users\jbarr\.m2\repository\org\apache\logging\log4j\log4j-to-slf4j\2.24.3\log4j-to-slf4j-2.24.3.jar;C:\Users\jbarr\.m2\repository\org\slf4j\jul-to-slf4j\2.0.17\jul-to-slf4j-2.0.17.jar;C:\Users\jbarr\.m2\repository\jakarta\annotation\jakarta.annotation-api\2.1.1\jakarta.annotation-api-2.1.1.jar;C:\Users\jbarr\.m2\repository\org\yaml\snakeyaml\2.4\snakeyaml-2.4.jar;C:\Users\jbarr\.m2\repository\org\apache\tomcat\embed\tomcat-embed-el\10.1.43\tomcat-embed-el-10.1.43.jar;C:\Users\jbarr\.m2\repository\org\hibernate\validator\hibernate-validator\8.0.2.Final\hibernate-validator-8.0.2.Final.jar;C:\Users\jbarr\.m2\repository\jakarta\validation\jakarta.validation-api\3.0.2\jakarta.validation-api-3.0.2.jar;C:\Users\jbarr\.m2\repository\org\jboss\logging\jboss-logging\3.6.1.Final\jboss-logging-3.6.1.Final.jar;C:\Users\jbarr\.m2\repository\com\fasterxml\classmate\1.7.0\classmate-1.7.0.jar;C:\Users\jbarr\.m2\repository\org\springdoc\springdoc-openapi-starter-webmvc-ui\2.8.9\springdoc-openapi-starter-webmvc-ui-2.8.9.jar;C:\Users\jbarr\.m2\repository\org\springdoc\springdoc-openapi-starter-webmvc-api\2.8.9\springdoc-openapi-starter-webmvc-api-2.8.9.jar;C:\Users\jbarr\.m2\repository\org\springdoc\springdoc-openapi-starter-common\2.8.9\springdoc-openapi-starter-common-2.8.9.jar;C:\Users\jbarr\.m2\repository\io\swagger\core\v3\swagger-core-jakarta\2.2.30\swagger-core-jakarta-2.2.30.jar;C:\Users\jbarr\.m2\repository\org\apache\commons\commons-lang3\3.17.0\commons-lang3-3.17.0.jar;C:\Users\jbarr\.m2\repository\io\swagger\core\v3\swagger-annotations-jakarta\2.2.30\swagger-annotations-jakarta-2.2.30.jar;C:\Users\jbarr\.m2\repository\io\swagger\core\v3\swagger-models-jakarta\2.2.30\swagger-models-jakarta-2.2.30.jar;C:\Users\jbarr\.m2\repository\com\fasterxml\jackson\dataformat\jackson-dataformat-yaml\2.19.2\jackson-dataformat-yaml-2.19.2.jar;C:\Users\jbarr\.m2\repository\org\webjars\swagger-ui\5.21.0\swagger-ui-5.21.0.jar;C:\Users\jbarr\.m2\repository\org\webjars\webjars-locator-lite\1.1.0\webjars-locator-lite-1.1.0.jar;C:\Users\jbarr\.m2\repository\org\jspecify\jspecify\1.0.0\jspecify-1.0.0.jar;C:\Users\jbarr\.m2\repository\com\zaxxer\HikariCP\6.3.1\HikariCP-6.3.1.jar;C:\Users\jbarr\.m2\repository\org\springframework\spring-jdbc\6.2.9\spring-jdbc-6.2.9.jar;C:\Users\jbarr\.m2\repository\org\hibernate\orm\hibernate-core\6.6.22.Final\hibernate-core-6.6.22.Final.jar;C:\Users\jbarr\.m2\repository\jakarta\persistence\jakarta.persistence-api\3.1.0\jakarta.persistence-api-3.1.0.jar;C:\Users\jbarr\.m2\repository\jakarta\transaction\jakarta.transaction-api\2.0.1\jakarta.transaction-api-2.0.1.jar;C:\Users\jbarr\.m2\repository\org\hibernate\common\hibernate-commons-annotations\7.0.3.Final\hibernate-commons-annotations-7.0.3.Final.jar;C:\Users\jbarr\.m2\repository\io\smallrye\jandex\3.2.0\jandex-3.2.0.jar;C:\Users\jbarr\.m2\repository\net\bytebuddy\byte-buddy\1.17.6\byte-buddy-1.17.6.jar;C:\Users\jbarr\.m2\repository\org\glassfish\jaxb\jaxb-runtime\4.0.5\jaxb-runtime-4.0.5.jar;C:\Users\jbarr\.m2\repository\org\glassfish\jaxb\jaxb-core\4.0.5\jaxb-core-4.0.5.jar;C:\Users\jbarr\.m2\repository\org\eclipse\angus\angus-activation\2.0.2\angus-activation-2.0.2.jar;C:\Users\jbarr\.m2\repository\org\glassfish\jaxb\txw2\4.0.5\txw2-4.0.5.jar;C:\Users\jbarr\.m2\repository\com\sun\istack\istack-commons-runtime\4.1.2\istack-commons-runtime-4.1.2.jar;C:\Users\jbarr\.m2\repository\jakarta\inject\jakarta.inject-api\2.0.1\jakarta.inject-api-2.0.1.jar;C:\Users\jbarr\.m2\repository\org\antlr\antlr4-runtime\4.13.0\antlr4-runtime-4.13.0.jar;C:\Users\jbarr\.m2\repository\org\springframework\data\spring-data-jpa\3.5.2\spring-data-jpa-3.5.2.jar;C:\Users\jbarr\.m2\repository\org\springframework\data\spring-data-commons\3.5.2\spring-data-commons-3.5.2.jar;C:\Users\jbarr\.m2\repository\org\springframework\spring-orm\6.2.9\spring-orm-6.2.9.jar;C:\Users\jbarr\.m2\repository\org\springframework\spring-context\6.2.9\spring-context-6.2.9.jar;C:\Users\jbarr\.m2\repository\org\springframework\spring-tx\6.2.9\spring-tx-6.2.9.jar;C:\Users\jbarr\.m2\repository\org\springframework\spring-beans\6.2.9\spring-beans-6.2.9.jar;C:\Users\jbarr\.m2\repository\org\slf4j\slf4j-api\2.0.17\slf4j-api-2.0.17.jar;C:\Users\jbarr\.m2\repository\org\springframework\spring-aspects\6.2.9\spring-aspects-6.2.9.jar;C:\Users\jbarr\.m2\repository\org\aspectj\aspectjweaver\1.9.24\aspectjweaver-1.9.24.jar;C:\Users\jbarr\.m2\repository\org\springframework\spring-aop\6.2.9\spring-aop-6.2.9.jar;C:\Users\jbarr\.m2\repository\org\springframework\security\spring-security-config\6.5.2\spring-security-config-6.5.2.jar;C:\Users\jbarr\.m2\repository\org\springframework\security\spring-security-web\6.5.2\spring-security-web-6.5.2.jar;C:\Users\jbarr\.m2\repository\org\springframework\spring-expression\6.2.9\spring-expression-6.2.9.jar;C:\Users\jbarr\.m2\repository\com\auth0\java-jwt\4.5.0\java-jwt-4.5.0.jar;C:\Users\jbarr\.m2\repository\com\fasterxml\jackson\core\jackson-core\2.19.2\jackson-core-2.19.2.jar;C:\Users\jbarr\.m2\repository\com\fasterxml\jackson\core\jackson-databind\2.19.2\jackson-databind-2.19.2.jar;C:\Users\jbarr\.m2\repository\com\fasterxml\jackson\core\jackson-annotations\2.19.2\jackson-annotations-2.19.2.jar;C:\Users\jbarr\.m2\repository\com\fasterxml\jackson\datatype\jackson-datatype-jdk8\2.19.2\jackson-datatype-jdk8-2.19.2.jar;C:\Users\jbarr\.m2\repository\com\fasterxml\jackson\datatype\jackson-datatype-jsr310\2.19.2\jackson-datatype-jsr310-2.19.2.jar;C:\Users\jbarr\.m2\repository\com\fasterxml\jackson\module\jackson-module-parameter-names\2.19.2\jackson-module-parameter-names-2.19.2.jar;C:\Users\jbarr\.m2\repository\org\apache\tomcat\embed\tomcat-embed-core\10.1.43\tomcat-embed-core-10.1.43.jar;C:\Users\jbarr\.m2\repository\org\apache\tomcat\embed\tomcat-embed-websocket\10.1.43\tomcat-embed-websocket-10.1.43.jar;C:\Users\jbarr\.m2\repository\org\springframework\spring-web\6.2.9\spring-web-6.2.9.jar;C:\Users\jbarr\.m2\repository\io\micrometer\micrometer-observation\1.15.2\micrometer-observation-1.15.2.jar;C:\Users\jbarr\.m2\repository\io\micrometer\micrometer-commons\1.15.2\micrometer-commons-1.15.2.jar;C:\Users\jbarr\.m2\repository\org\springframework\spring-webmvc\6.2.9\spring-webmvc-6.2.9.jar;C:\Users\jbarr\.m2\repository\org\postgresql\postgresql\42.7.7\postgresql-42.7.7.jar;C:\Users\jbarr\.m2\repository\org\checkerframework\checker-qual\3.49.3\checker-qual-3.49.3.jar;C:\Users\jbarr\.m2\repository\jakarta\xml\bind\jakarta.xml.bind-api\4.0.2\jakarta.xml.bind-api-4.0.2.jar;C:\Users\jbarr\.m2\repository\jakarta\activation\jakarta.activation-api\2.1.3\jakarta.activation-api-2.1.3.jar;C:\Users\jbarr\.m2\repository\org\springframework\spring-core\6.2.9\spring-core-6.2.9.jar;C:\Users\jbarr\.m2\repository\org\springframework\spring-jcl\6.2.9\spring-jcl-6.2.9.jar;C:\Users\jbarr\.m2\repository\org\springframework\security\spring-security-core\6.5.2\spring-security-core-6.5.2.jar;C:\Users\jbarr\.m2\repository\org\springframework\security\spring-security-crypto\6.5.2\spring-security-crypto-6.5.2.jar;C:\Users\jbarr\.m2\repository\org\apache\poi\poi\5.2.5\poi-5.2.5.jar;C:\Users\jbarr\.m2\repository\commons-codec\commons-codec\1.18.0\commons-codec-1.18.0.jar;C:\Users\jbarr\.m2\repository\org\apache\commons\commons-collections4\4.4\commons-collections4-4.4.jar;C:\Users\jbarr\.m2\repository\org\apache\commons\commons-math3\3.6.1\commons-math3-3.6.1.jar;C:\Users\jbarr\.m2\repository\commons-io\commons-io\2.15.0\commons-io-2.15.0.jar;C:\Users\jbarr\.m2\repository\com\zaxxer\SparseBitSet\1.3\SparseBitSet-1.3.jar;C:\Users\jbarr\.m2\repository\org\apache\logging\log4j\log4j-api\2.24.3\log4j-api-2.24.3.jar;C:\Users\jbarr\.m2\repository\org\apache\poi\poi-ooxml\5.2.5\poi-ooxml-5.2.5.jar;C:\Users\jbarr\.m2\repository\org\apache\poi\poi-ooxml-lite\5.2.5\poi-ooxml-lite-5.2.5.jar;C:\Users\jbarr\.m2\repository\org\apache\xmlbeans\xmlbeans\5.2.0\xmlbeans-5.2.0.jar;C:\Users\jbarr\.m2\repository\org\apache\commons\commons-compress\1.25.0\commons-compress-1.25.0.jar;C:\Users\jbarr\.m2\repository\com\github\virtuald\curvesapi\1.08\curvesapi-1.08.jar;C:\Users\jbarr\.m2\repository\org\springframework\spring-messaging\6.2.9\spring-messaging-6.2.9.jar;C:\Users\jbarr\.m2\repository\org\springframework\spring-websocket\6.2.9\spring-websocket-6.2.9.jar
Launcher Type: SUN_STANDARD

[Global flags]
     intx CICompilerCount                          = 4                                         {product} {ergonomic}
     uint ConcGCThreads                            = 2                                         {product} {ergonomic}
     uint G1ConcRefinementThreads                  = 8                                         {product} {ergonomic}
   size_t G1HeapRegionSize                         = 2097152                                   {product} {ergonomic}
   size_t InitialHeapSize                          = 257949696                                 {product} {ergonomic}
   size_t MarkStackSize                            = 4194304                                   {product} {ergonomic}
   size_t MarkStackSizeMax                         = 536870912                                 {product} {ergonomic}
   size_t MaxHeapSize                              = 4102029312                                {product} {ergonomic}
   size_t MaxNewSize                               = 2459959296                                {product} {ergonomic}
   size_t MinHeapDeltaBytes                        = 2097152                                   {product} {ergonomic}
   size_t MinHeapSize                              = 8388608                                   {product} {ergonomic}
    uintx NonNMethodCodeHeapSize                   = 4096                                   {pd product} {ergonomic}
    uintx NonProfiledCodeHeapSize                  = 0                                      {pd product} {ergonomic}
     bool ProfileInterpreter                       = false                                  {pd product} {command line}
    uintx ProfiledCodeHeapSize                     = 0                                      {pd product} {ergonomic}
   size_t SoftMaxHeapSize                          = 4102029312                             {manageable} {ergonomic}
     intx TieredStopAtLevel                        = 1                                         {product} {command line}
     bool UseCompressedOops                        = true                           {product lp64_product} {ergonomic}
     bool UseG1GC                                  = true                                      {product} {ergonomic}
     bool UseLargePagesIndividualAllocation        = false                                  {pd product} {ergonomic}

Logging:
Log output configuration:
 #0: stdout all=warning uptime,level,tags foldmultilines=false
 #1: stderr all=off uptime,level,tags foldmultilines=false

Environment Variables:
PATH=C:\Program Files\Common Files\Oracle\Java\javapath;C:\WINDOWS\system32;C:\WINDOWS;C:\WINDOWS\System32\Wbem;C:\WINDOWS\System32\WindowsPowerShell\v1.0\;C:\WINDOWS\System32\OpenSSH\;C:\Program Files\dotnet\;C:\xampp\php;C:\adb;C:\Program Files\nodejs\;C:\composer;C:\Program Files\Git\cmd;C:\Program Files\cursor\resources\app\bin;C:\Program Files\MySQL\MySQL Shell 8.0\bin\;C:\Users\jbarr\AppData\Local\Microsoft\WindowsApps;C:\Users\jbarr\AppData\Local\Programs\Microsoft VS Code\bin;C:\Users\jbarr\AppData\Roaming\Composer\vendor\bin;C:\Program Files\JetBrains\IntelliJ IDEA Community Edition 2024.3.5\bin;C:\Program Files\JetBrains\IntelliJ IDEA 2025.1\bin;C:\Users\jbarr\.deno\bin;C:\Users\jbarr\AppData\Roaming\npm;C:\Users\jbarr\AppData\Local\GitHubDesktop\bin;C:\Users\jbarr\Documents\tlang;C:\Users\jbarr\AppData\Local\Programs\Antigravity\bin;C:\Users\jbarr\AppData\Local\Microsoft\WinGet\Packages\Microsoft.devtunnel_Microsoft.Winget.Source_8wekyb3d8bbwe;C:\Users\jbarr\AppData\Local\Python\bin;c:\Users\jbarr\.antigravity\extensions\ms-python.debugpy-2025.18.0-win32-x64\bundled\scripts\noConfigScripts;c:\Users\jbarr\.antigravity\extensions\vscjava.vscode-java-debug-0.58.5-universal\bundled\scripts\noConfigScripts
USERNAME=jbarr
LANG=en_US.UTF-8
OS=Windows_NT
PROCESSOR_IDENTIFIER=AMD64 Family 23 Model 160 Stepping 0, AuthenticAMD
TMP=C:\Users\jbarr\AppData\Local\Temp
TEMP=C:\Users\jbarr\AppData\Local\Temp




Periodic native trim disabled

---------------  S Y S T E M  ---------------

OS:
 Windows 11 , 64 bit Build 26100 (10.0.26100.7920)
OS uptime: 5 days 19:08 hours

CPU: total 8 (initial active 8) (8 cores per cpu, 2 threads per core) family 23 model 160 stepping 0 microcode 0x8a00006, cx8, cmov, fxsr, ht, mmx, 3dnowpref, sse, sse2, sse3, ssse3, sse4a, sse4.1, sse4.2, popcnt, lzcnt, tsc, tscinvbit, avx, avx2, aes, clmul, bmi1, bmi2, adx, sha, fma, vzeroupper, clflush, clflushopt, rdtscp, rdpid, f16c
Processor Information for the first 8 processors :
  Max Mhz: 2801, Current Mhz: 2483, Mhz Limit: 2801

Memory: 4k page, system-wide physical 15647M (671M free)
TotalPageFile size 24648M (AvailPageFile size 3M)
current process WorkingSet (physical memory assigned to process): 238M, peak: 238M
current process commit charge ("private bytes"): 275M, peak: 371M

vm_info: Java HotSpot(TM) 64-Bit Server VM (23.0.2+7-58) for windows-amd64 JRE (23.0.2+7-58), built on 2024-11-29T09:34:55Z with MS VC++ 17.6 (VS2022)

END.
